proguard_logs/seeds.txt
com.example.TestApplication2.MyActivity
com.example.TestApplication2.MyActivity: MyActivity()
com.example.TestApplication2.R$drawable: int ic_launcher
com.example.TestApplication2.R$layout: int main
com.example.TestApplication2.R$string: int app_name
...
scala.collection.SeqLike
scala.collection.SeqLike: scala.collection.Seq thisCollection()
scala.collection.SeqLike: scala.collection.Seq toCollection(java.lang.Object)
scala.collection.SeqLike: int length()
scala.collection.SeqLike: java.lang.Object apply(int)
scala.collection.SeqLike: scala.collection.parallel.Combiner parCombiner()
scala.collection.SeqLike: int lengthCompare(int)
scala.collection.SeqLike: boolean isEmpty()
scala.collection.SeqLike: int size()
scala.collection.SeqLike: int segmentLength(scala.Function1,int)
scala.collection.SeqLike: int indexWhere(scala.Function1,int)
scala.collection.SeqLike: int lastIndexWhere(scala.Function1,int)
scala.collection.SeqLike: scala.collection.Iterator permutations()
scala.collection.SeqLike: scala.collection.Iterator combinations(int)
scala.collection.SeqLike: java.lang.Object reverse()
scala.collection.SeqLike: java.lang.Object reverseMap(scala.Function1,scala.collection.generic.CanBuildFrom)
scala.collection.SeqLike: scala.collection.Iterator reverseIterator()
scala.collection.SeqLike: boolean startsWith(scala.collection.GenSeq,int)
scala.collection.SeqLike: boolean endsWith(scala.collection.GenSeq)
scala.collection.SeqLike: int indexOfSlice(scala.collection.GenSeq)
scala.collection.SeqLike: int indexOfSlice(scala.collection.GenSeq,int)
scala.collection.SeqLike: int lastIndexOfSlice(scala.collection.GenSeq)
scala.collection.SeqLike: int lastIndexOfSlice(scala.collection.GenSeq,int)