proguard_logs/usage.txt
com.example.TestApplication2.BuildConfig
com.example.TestApplication2.R:
    10:19:public R()
com.example.TestApplication2.R$attr
com.example.TestApplication2.R$drawable
com.example.TestApplication2.R$layout:
    16:16:public R$layout()
com.example.TestApplication2.R$string
...
scala.reflect.internal.StdNames
scala.reflect.internal.StdNames$$anon$1
scala.reflect.internal.StdNames$CommonNames
scala.reflect.internal.StdNames$JavaKeywords
scala.reflect.internal.StdNames$KeywordSetBuilder
scala.reflect.internal.StdNames$Keywords
scala.reflect.internal.StdNames$SymbolNames
scala.reflect.internal.StdNames$TermNames
scala.reflect.internal.StdNames$TermNames$$anonfun$2
scala.reflect.internal.StdNames$TermNames$raw$
scala.reflect.internal.StdNames$TypeNames
scala.reflect.internal.StdNames$binarynme$
scala.reflect.internal.StdNames$binarynme$$anonfun$toBinary$1
scala.reflect.internal.StdNames$class
scala.reflect.internal.StdNames$compactify$
scala.reflect.internal.StdNames$compactify$$anonfun$1
scala.reflect.internal.StdNames$fulltpnme$
scala.reflect.internal.StdNames$nme$
scala.reflect.internal.StdNames$tpnme$
scala.reflect.internal.SymbolPairs
scala.reflect.internal.SymbolPairs$Cursor
scala.reflect.internal.SymbolPairs$Cursor$$anon$1
scala.reflect.internal.SymbolPairs$Cursor$$anon$2
scala.reflect.internal.SymbolPairs$Cursor$$anonfun$init$2
scala.reflect.internal.SymbolPairs$Cursor$$anonfun$init$2$$anonfun$apply$1
scala.reflect.internal.SymbolPairs$Cursor$$anonfun$init$2$$anonfun$apply$2
scala.reflect.internal.SymbolPairs$RelativeTo
scala.reflect.internal.SymbolPairs$SymbolPair
scala.reflect.internal.SymbolPairs$SymbolPair$
scala.reflect.internal.SymbolTable
scala.reflect.internal.SymbolTable$$anon$1
scala.reflect.internal.SymbolTable$$anon$2
scala.reflect.internal.SymbolTable$$anonfun$1
scala.reflect.internal.SymbolTable$$anonfun$arrayToRepeated$1
scala.reflect.internal.SymbolTable$$anonfun$atPhaseStackMessage$1
scala.reflect.internal.SymbolTable$$anonfun$debugStack$1
scala.reflect.internal.SymbolTable$$anonfun$debuglogResult$1
scala.reflect.internal.SymbolTable$$anonfun$debuglogResultIf$1
scala.reflect.internal.SymbolTable$$anonfun$devWarningDumpStack$1
scala.reflect.internal.SymbolTable$$anonfun$devWarningResult$1
scala.reflect.internal.SymbolTable$$anonfun$findSymbol$1
scala.reflect.internal.SymbolTable$$anonfun$logResult$1
scala.reflect.internal.SymbolTable$$anonfun$logResultIf$1
scala.reflect.internal.SymbolTable$$anonfun$openPackageModule$1
scala.reflect.internal.SymbolTable$$anonfun$openPackageModule$2
scala.reflect.internal.SymbolTable$$anonfun$phase_$eq$1
scala.reflect.internal.SymbolTable$SimpleNameOrdering$
scala.reflect.internal.SymbolTable$SymLoader
scala.reflect.internal.SymbolTable$perRunCaches$
scala.reflect.internal.SymbolTable$perRunCaches$$anon$3
scala.reflect.internal.SymbolTable$perRunCaches$$anonfun$clearAll$1
scala.reflect.internal.SymbolTable$perRunCaches$$anonfun$clearAll$3
scala.reflect.internal.SymbolTable$perRunCaches$$anonfun$newGeneric$1
scala.reflect.internal.SymbolTable$traceSymbols$
scala.reflect.internal.SymbolTableStats
scala.reflect.internal.SymbolTableStats$
scala.reflect.internal.Symbols
scala.reflect.internal.Symbols$$anonfun$1
scala.reflect.internal.Symbols$$anonfun$11
scala.reflect.internal.Symbols$$anonfun$2
scala.reflect.internal.Symbols$$anonfun$cloneSymbols$1
scala.reflect.internal.Symbols$$anonfun$cloneSymbolsAndModify$1
scala.reflect.internal.Symbols$$anonfun$cloneSymbolsAtOwner$1
scala.reflect.internal.Symbols$$anonfun$cloneSymbolsAtOwnerAndModify$1
scala.reflect.internal.Symbols$$anonfun$deriveSymbols$1
scala.reflect.internal.Symbols$$anonfun$deriveSymbols2$1
scala.reflect.internal.Symbols$$anonfun$deriveTypeWithWildcards$1
scala.reflect.internal.Symbols$$anonfun$existingSymbols$1
scala.reflect.internal.Symbols$$anonfun$markAllCompleted$1
scala.reflect.internal.Symbols$$anonfun$markFlagsCompleted$1
scala.reflect.internal.Symbols$$anonfun$relevantSymbols$1
scala.reflect.internal.Symbols$AbstractTypeSymbol
scala.reflect.internal.Symbols$AliasTypeSymbol
scala.reflect.internal.Symbols$ClassSymbol
scala.reflect.internal.Symbols$ClassSymbol$$anonfun$6
scala.reflect.internal.Symbols$ClassSymbol$$anonfun$7